  [1m[35m (0.1ms)[0m  [1m[34mSELECT sqlite_version(*)[0m
  [1m[35m (256.2ms)[0m  [1m[35mCREATE TABLE "schema_migrations" ("version" varchar NOT NULL PRIMARY KEY)[0m
  [1m[35m (216.3ms)[0m  [1m[35mCREATE TABLE "ar_internal_metadata" ("key" varchar NOT NULL PRIMARY KEY, "value" varchar, "created_at" datetime NOT NULL, "updated_at" datetime NOT NULL)[0m
  [1m[35m (0.2ms)[0m  [1m[34mSELECT "schema_migrations"."version" FROM "schema_migrations" ORDER BY "schema_migrations"."version" ASC[0m
Migrating to DeviseCreateUsers (20170831183210)
  [1m[35m (0.1ms)[0m  [1m[36mbegin transaction[0m
  [1m[35m (14.6ms)[0m  [1m[35mCREATE TABLE "users" ("id" INTEGER PRIMARY KEY AUTOINCREMENT NOT NULL, "email" varchar DEFAULT '' NOT NULL, "encrypted_password" varchar DEFAULT '' NOT NULL, "reset_password_token" varchar, "reset_password_sent_at" datetime, "remember_created_at" datetime, "sign_in_count" integer DEFAULT 0 NOT NULL, "current_sign_in_at" datetime, "last_sign_in_at" datetime, "current_sign_in_ip" varchar, "last_sign_in_ip" varchar, "created_at" datetime NOT NULL, "updated_at" datetime NOT NULL)[0m
  [1m[35m (0.7ms)[0m  [1m[35mCREATE UNIQUE INDEX "index_users_on_email" ON "users" ("email")[0m
  [1m[35m (0.3ms)[0m  [1m[34m            SELECT sql
            FROM sqlite_master
            WHERE name='index_users_on_email' AND type='index'
            UNION ALL
            SELECT sql
            FROM sqlite_temp_master
            WHERE name='index_users_on_email' AND type='index'
[0m
  [1m[35m (0.6ms)[0m  [1m[35mCREATE UNIQUE INDEX "index_users_on_reset_password_token" ON "users" ("reset_password_token")[0m
  [1m[35mSQL (0.2ms)[0m  [1m[32mINSERT INTO "schema_migrations" ("version") VALUES (?)[0m  [["version", "20170831183210"]]
  [1m[35m (275.7ms)[0m  [1m[36mcommit transaction[0m
Migrating to AddNameToUsers (20170831183213)
  [1m[35m (0.2ms)[0m  [1m[36mbegin transaction[0m
  [1m[35m (1.2ms)[0m  [1m[35mALTER TABLE "users" ADD "name" varchar[0m
  [1m[35mSQL (0.5ms)[0m  [1m[32mINSERT INTO "schema_migrations" ("version") VALUES (?)[0m  [["version", "20170831183213"]]
  [1m[35m (235.9ms)[0m  [1m[36mcommit transaction[0m
  [1m[36mActiveRecord::InternalMetadata Load (0.6ms)[0m  [1m[34mSELECT  "ar_internal_metadata".* FROM "ar_internal_metadata" WHERE "ar_internal_metadata"."key" = ? LIMIT ?[0m  [["key", "environment"], ["LIMIT", 1]]
  [1m[35m (0.1ms)[0m  [1m[36mbegin transaction[0m
  [1m[35mSQL (0.2ms)[0m  [1m[32mINSERT INTO "ar_internal_metadata" ("key", "value", "created_at", "updated_at") VALUES (?, ?, ?, ?)[0m  [["key", "environment"], ["value", "development"], ["created_at", "2017-08-31 18:32:19.557748"], ["updated_at", "2017-08-31 18:32:19.557748"]]
  [1m[35m (235.4ms)[0m  [1m[36mcommit transaction[0m
  [1m[35m (0.4ms)[0m  [1m[34mSELECT "schema_migrations"."version" FROM "schema_migrations" ORDER BY "schema_migrations"."version" ASC[0m
  [1m[35m (0.5ms)[0m  [1m[34m            SELECT sql
            FROM sqlite_master
            WHERE name='index_users_on_reset_password_token' AND type='index'
            UNION ALL
            SELECT sql
            FROM sqlite_temp_master
            WHERE name='index_users_on_reset_password_token' AND type='index'
[0m
  [1m[35m (0.4ms)[0m  [1m[34m            SELECT sql
            FROM sqlite_master
            WHERE name='index_users_on_email' AND type='index'
            UNION ALL
            SELECT sql
            FROM sqlite_temp_master
            WHERE name='index_users_on_email' AND type='index'
[0m
  [1m[35m (0.2ms)[0m  [1m[34mSELECT "schema_migrations"."version" FROM "schema_migrations" ORDER BY "schema_migrations"."version" ASC[0m
  [1m[36mActiveRecord::InternalMetadata Load (0.2ms)[0m  [1m[34mSELECT  "ar_internal_metadata".* FROM "ar_internal_metadata" WHERE "ar_internal_metadata"."key" = ? LIMIT ?[0m  [["key", "environment"], ["LIMIT", 1]]
  [1m[35m (0.1ms)[0m  [1m[36mbegin transaction[0m
  [1m[35m (0.1ms)[0m  [1m[36mcommit transaction[0m
  [1m[35m (0.1ms)[0m  [1m[34mSELECT "schema_migrations"."version" FROM "schema_migrations" ORDER BY "schema_migrations"."version" ASC[0m
  [1m[35m (0.1ms)[0m  [1m[34m            SELECT sql
            FROM sqlite_master
            WHERE name='index_users_on_reset_password_token' AND type='index'
            UNION ALL
            SELECT sql
            FROM sqlite_temp_master
            WHERE name='index_users_on_reset_password_token' AND type='index'
[0m
  [1m[35m (0.1ms)[0m  [1m[34m            SELECT sql
            FROM sqlite_master
            WHERE name='index_users_on_email' AND type='index'
            UNION ALL
            SELECT sql
            FROM sqlite_temp_master
            WHERE name='index_users_on_email' AND type='index'
[0m
  [1m[35m (0.2ms)[0m  [1m[34mSELECT "schema_migrations"."version" FROM "schema_migrations" ORDER BY "schema_migrations"."version" ASC[0m
  [1m[36mUser Load (0.2ms)[0m  [1m[34mSELECT  "users".* FROM "users" WHERE "users"."email" = ? LIMIT ?[0m  [["email", "user@example.com"], ["LIMIT", 1]]
  [1m[35m (0.1ms)[0m  [1m[36mbegin transaction[0m
  [1m[36mUser Exists (0.2ms)[0m  [1m[34mSELECT  1 AS one FROM "users" WHERE "users"."email" = ? LIMIT ?[0m  [["email", "user@example.com"], ["LIMIT", 1]]
  [1m[35mSQL (2.9ms)[0m  [1m[32mINSERT INTO "users" ("email", "encrypted_password", "created_at", "updated_at") VALUES (?, ?, ?, ?)[0m  [["email", "user@example.com"], ["encrypted_password", "$2a$11$Qmev3qB.GNk67iFLldSEiungx/kPhLsmeJWdOnxch2HDAGXU3qysq"], ["created_at", "2017-08-31 18:32:39.273751"], ["updated_at", "2017-08-31 18:32:39.273751"]]
  [1m[35m (244.5ms)[0m  [1m[36mcommit transaction[0m
Started GET "/" for 127.0.0.1 at 2017-09-01 00:03:23 +0530
  [1m[35m (0.2ms)[0m  [1m[34mSELECT "schema_migrations"."version" FROM "schema_migrations" ORDER BY "schema_migrations"."version" ASC[0m
Processing by VisitorsController#index as HTML
  Rendering visitors/index.html.erb within layouts/application
  Rendered visitors/index.html.erb within layouts/application (1.2ms)
Started GET "/" for 127.0.0.1 at 2017-09-01 00:03:23 +0530
Processing by VisitorsController#index as HTML
  Rendering visitors/index.html.erb within layouts/application
  Rendered visitors/index.html.erb within layouts/application (0.5ms)
  Rendered layouts/_navigation_links.html.erb (0.4ms)
  Rendered layouts/_nav_links_for_auth.html.erb (17.1ms)
  Rendered layouts/_navigation.html.erb (20.2ms)
  Rendered layouts/_messages.html.erb (0.8ms)
Completed 200 OK in 15699ms (Views: 15674.2ms | ActiveRecord: 0.0ms)


  Rendered layouts/_navigation_links.html.erb (0.4ms)
  Rendered layouts/_nav_links_for_auth.html.erb (1.1ms)
  Rendered layouts/_navigation.html.erb (3.8ms)
  Rendered layouts/_messages.html.erb (0.6ms)
Completed 200 OK in 15466ms (Views: 15452.7ms | ActiveRecord: 0.0ms)


Started GET "/users/sign_up" for 127.0.0.1 at 2017-09-01 00:03:46 +0530
Processing by Devise::RegistrationsController#new as HTML
  Rendering devise/registrations/new.html.erb within layouts/application
  Rendered devise/registrations/new.html.erb within layouts/application (20.8ms)
  Rendered layouts/_navigation_links.html.erb (0.6ms)
  Rendered layouts/_nav_links_for_auth.html.erb (1.7ms)
  Rendered layouts/_navigation.html.erb (5.9ms)
  Rendered layouts/_messages.html.erb (1.0ms)
Completed 200 OK in 150ms (Views: 112.9ms | ActiveRecord: 1.7ms)


Started GET "/" for 127.0.0.1 at 2017-09-01 00:04:08 +0530
Processing by VisitorsController#index as HTML
  Rendering visitors/index.html.erb within layouts/application
  Rendered visitors/index.html.erb within layouts/application (0.7ms)
  Rendered layouts/_navigation_links.html.erb (0.5ms)
  Rendered layouts/_nav_links_for_auth.html.erb (1.2ms)
  Rendered layouts/_navigation.html.erb (4.2ms)
  Rendered layouts/_messages.html.erb (0.6ms)
Completed 200 OK in 81ms (Views: 78.8ms | ActiveRecord: 0.0ms)


Started GET "/" for 127.0.0.1 at 2017-09-01 00:04:17 +0530
Processing by VisitorsController#index as HTML
  Rendering visitors/index.html.erb within layouts/application
  Rendered visitors/index.html.erb within layouts/application (0.7ms)
  Rendered layouts/_navigation_links.html.erb (0.3ms)
  Rendered layouts/_nav_links_for_auth.html.erb (1.0ms)
  Rendered layouts/_navigation.html.erb (3.3ms)
  Rendered layouts/_messages.html.erb (0.6ms)
Completed 200 OK in 67ms (Views: 63.8ms | ActiveRecord: 0.0ms)


Started GET "/" for 127.0.0.1 at 2017-09-01 00:04:17 +0530
Processing by VisitorsController#index as HTML
  Rendering visitors/index.html.erb within layouts/application
  Rendered visitors/index.html.erb within layouts/application (0.7ms)
  Rendered layouts/_navigation_links.html.erb (0.3ms)
  Rendered layouts/_nav_links_for_auth.html.erb (1.0ms)
  Rendered layouts/_navigation.html.erb (3.4ms)
  Rendered layouts/_messages.html.erb (0.6ms)
Completed 200 OK in 72ms (Views: 70.3ms | ActiveRecord: 0.0ms)


Started GET "/" for 127.0.0.1 at 2017-09-01 00:04:19 +0530
Processing by VisitorsController#index as HTML
  Rendering visitors/index.html.erb within layouts/application
  Rendered visitors/index.html.erb within layouts/application (0.9ms)
  Rendered layouts/_navigation_links.html.erb (0.3ms)
  Rendered layouts/_nav_links_for_auth.html.erb (1.1ms)
  Rendered layouts/_navigation.html.erb (4.0ms)
  Rendered layouts/_messages.html.erb (0.8ms)
Completed 200 OK in 91ms (Views: 88.5ms | ActiveRecord: 0.0ms)


Started GET "/users/sign_in" for 127.0.0.1 at 2017-09-01 00:04:20 +0530
Processing by Devise::SessionsController#new as HTML
  Rendering devise/sessions/new.html.erb within layouts/application
  Rendered devise/sessions/new.html.erb within layouts/application (8.9ms)
  Rendered layouts/_navigation_links.html.erb (0.3ms)
  Rendered layouts/_nav_links_for_auth.html.erb (1.0ms)
  Rendered layouts/_navigation.html.erb (3.4ms)
  Rendered layouts/_messages.html.erb (0.6ms)
Completed 200 OK in 245ms (Views: 241.8ms | ActiveRecord: 0.0ms)


Started POST "/users/sign_in" for 127.0.0.1 at 2017-09-01 00:04:31 +0530
Processing by Devise::SessionsController#create as HTML
  Parameters: {"utf8"=>"✓", "authenticity_token"=>"tWq2FvOKT584Lhdu/cRJbIaCG765je+eeg8JAsofq3zWu6P6IhZyhKh/z60VB1+FqNhIkrJe6RRVyviWBpE+1Q==", "user"=>{"email"=>"user@example.com", "password"=>"[FILTERED]", "remember_me"=>"0"}, "commit"=>"Sign in"}
  [1m[36mUser Load (0.3ms)[0m  [1m[34mSELECT  "users".* FROM "users" WHERE "users"."email" = ? ORDER BY "users"."id" ASC LIMIT ?[0m  [["email", "user@example.com"], ["LIMIT", 1]]
Completed 401 Unauthorized in 262ms (ActiveRecord: 0.3ms)


Processing by Devise::SessionsController#new as HTML
  Parameters: {"utf8"=>"✓", "authenticity_token"=>"tWq2FvOKT584Lhdu/cRJbIaCG765je+eeg8JAsofq3zWu6P6IhZyhKh/z60VB1+FqNhIkrJe6RRVyviWBpE+1Q==", "user"=>{"email"=>"user@example.com", "password"=>"[FILTERED]", "remember_me"=>"0"}, "commit"=>"Sign in"}
  Rendering devise/sessions/new.html.erb within layouts/application
  Rendered devise/sessions/new.html.erb within layouts/application (3.0ms)
  Rendered layouts/_navigation_links.html.erb (0.3ms)
  Rendered layouts/_nav_links_for_auth.html.erb (0.7ms)
  Rendered layouts/_navigation.html.erb (2.9ms)
  Rendered layouts/_messages.html.erb (0.5ms)
Completed 200 OK in 307ms (Views: 59.0ms | ActiveRecord: 0.0ms)


Started GET "/users/sign_up" for 127.0.0.1 at 2017-09-01 00:05:07 +0530
Processing by Devise::RegistrationsController#new as HTML
  Rendering devise/registrations/new.html.erb within layouts/application
  Rendered devise/registrations/new.html.erb within layouts/application (4.5ms)
  Rendered layouts/_navigation_links.html.erb (0.3ms)
  Rendered layouts/_nav_links_for_auth.html.erb (1.0ms)
  Rendered layouts/_navigation.html.erb (3.5ms)
  Rendered layouts/_messages.html.erb (0.5ms)
Completed 200 OK in 74ms (Views: 71.0ms | ActiveRecord: 0.0ms)


Started POST "/users" for 127.0.0.1 at 2017-09-01 00:05:18 +0530
Processing by Devise::RegistrationsController#create as HTML
  Parameters: {"utf8"=>"✓", "authenticity_token"=>"yIwxWQ5e8zxRw/B3fzkHsQZ8UhhbfXncmVyqQiBTsRZ8NQTLfemgm6yydZoQw5fwUL+yTUdbbMMqfGyD/5MfsA==", "user"=>{"name"=>"chanakya", "email"=>"c@abc.com", "password"=>"[FILTERED]", "password_confirmation"=>"[FILTERED]"}, "commit"=>"Sign up"}
  [1m[35m (0.1ms)[0m  [1m[36mbegin transaction[0m
  [1m[36mUser Exists (0.2ms)[0m  [1m[34mSELECT  1 AS one FROM "users" WHERE "users"."email" = ? LIMIT ?[0m  [["email", "c@abc.com"], ["LIMIT", 1]]
  [1m[35mSQL (2.5ms)[0m  [1m[32mINSERT INTO "users" ("email", "encrypted_password", "created_at", "updated_at", "name") VALUES (?, ?, ?, ?, ?)[0m  [["email", "c@abc.com"], ["encrypted_password", "$2a$11$ZB626ISwCQy7Gv5EKpWLEeqRwW1F3dfgwrnPO1XtZZI0QvNt68zyy"], ["created_at", "2017-08-31 18:35:18.669427"], ["updated_at", "2017-08-31 18:35:18.669427"], ["name", "chanakya"]]
  [1m[35m (245.5ms)[0m  [1m[36mcommit transaction[0m
  [1m[35m (0.2ms)[0m  [1m[36mbegin transaction[0m
  [1m[35mSQL (0.9ms)[0m  [1m[33mUPDATE "users" SET "sign_in_count" = ?, "current_sign_in_at" = ?, "last_sign_in_at" = ?, "current_sign_in_ip" = ?, "last_sign_in_ip" = ?, "updated_at" = ? WHERE "users"."id" = ?[0m  [["sign_in_count", 1], ["current_sign_in_at", "2017-08-31 18:35:18.920967"], ["last_sign_in_at", "2017-08-31 18:35:18.920967"], ["current_sign_in_ip", "127.0.0.1"], ["last_sign_in_ip", "127.0.0.1"], ["updated_at", "2017-08-31 18:35:18.922781"], ["id", 2]]
  [1m[35m (233.4ms)[0m  [1m[36mcommit transaction[0m
Redirected to http://localhost:3000/
Completed 302 Found in 764ms (ActiveRecord: 482.8ms)


Started GET "/" for 127.0.0.1 at 2017-09-01 00:05:19 +0530
Processing by VisitorsController#index as HTML
  Rendering visitors/index.html.erb within layouts/application
  Rendered visitors/index.html.erb within layouts/application (0.5ms)
  Rendered layouts/_navigation_links.html.erb (0.3ms)
  [1m[36mUser Load (0.3ms)[0m  [1m[34mSELECT  "users".* FROM "users" WHERE "users"."id" = ? ORDER BY "users"."id" ASC LIMIT ?[0m  [["id", 2], ["LIMIT", 1]]
  Rendered layouts/_nav_links_for_auth.html.erb (4.1ms)
  Rendered layouts/_navigation.html.erb (6.9ms)
  Rendered layouts/_messages.html.erb (1.9ms)
Completed 200 OK in 66ms (Views: 64.1ms | ActiveRecord: 0.3ms)


Started GET "/users" for 127.0.0.1 at 2017-09-01 00:05:23 +0530
Processing by UsersController#index as HTML
  [1m[36mUser Load (0.4ms)[0m  [1m[34mSELECT  "users".* FROM "users" WHERE "users"."id" = ? ORDER BY "users"."id" ASC LIMIT ?[0m  [["id", 2], ["LIMIT", 1]]
  Rendering users/index.html.erb within layouts/application
  [1m[36mUser Load (0.4ms)[0m  [1m[34mSELECT "users".* FROM "users"[0m
  Rendered users/_user.html.erb (1.1ms)
  Rendered users/_user.html.erb (0.3ms)
  Rendered users/index.html.erb within layouts/application (5.7ms)
  Rendered layouts/_navigation_links.html.erb (0.3ms)
  Rendered layouts/_nav_links_for_auth.html.erb (0.8ms)
  Rendered layouts/_navigation.html.erb (3.0ms)
  Rendered layouts/_messages.html.erb (0.5ms)
Completed 200 OK in 69ms (Views: 64.0ms | ActiveRecord: 0.9ms)


Started GET "/" for 127.0.0.1 at 2017-09-01 00:05:25 +0530
Processing by VisitorsController#index as HTML
  Rendering visitors/index.html.erb within layouts/application
  Rendered visitors/index.html.erb within layouts/application (0.8ms)
  Rendered layouts/_navigation_links.html.erb (0.4ms)
  [1m[36mUser Load (0.3ms)[0m  [1m[34mSELECT  "users".* FROM "users" WHERE "users"."id" = ? ORDER BY "users"."id" ASC LIMIT ?[0m  [["id", 2], ["LIMIT", 1]]
  Rendered layouts/_nav_links_for_auth.html.erb (2.1ms)
  Rendered layouts/_navigation.html.erb (4.9ms)
  Rendered layouts/_messages.html.erb (0.6ms)
Completed 200 OK in 103ms (Views: 99.9ms | ActiveRecord: 0.3ms)


Started GET "/users/edit" for 127.0.0.1 at 2017-09-01 00:05:26 +0530
Processing by Devise::RegistrationsController#edit as HTML
  [1m[36mUser Load (0.5ms)[0m  [1m[34mSELECT  "users".* FROM "users" WHERE "users"."id" = ? ORDER BY "users"."id" ASC LIMIT ?[0m  [["id", 2], ["LIMIT", 1]]
  Rendering devise/registrations/edit.html.erb within layouts/application
  Rendered devise/registrations/edit.html.erb within layouts/application (7.4ms)
  Rendered layouts/_navigation_links.html.erb (0.3ms)
  Rendered layouts/_nav_links_for_auth.html.erb (0.8ms)
  Rendered layouts/_navigation.html.erb (3.1ms)
  Rendered layouts/_messages.html.erb (0.6ms)
Completed 200 OK in 84ms (Views: 80.5ms | ActiveRecord: 0.5ms)


Started GET "/" for 127.0.0.1 at 2017-09-01 00:05:30 +0530
Processing by VisitorsController#index as HTML
  Rendering visitors/index.html.erb within layouts/application
  Rendered visitors/index.html.erb within layouts/application (0.8ms)
  Rendered layouts/_navigation_links.html.erb (0.3ms)
  [1m[36mUser Load (0.4ms)[0m  [1m[34mSELECT  "users".* FROM "users" WHERE "users"."id" = ? ORDER BY "users"."id" ASC LIMIT ?[0m  [["id", 2], ["LIMIT", 1]]
  Rendered layouts/_nav_links_for_auth.html.erb (2.2ms)
  Rendered layouts/_navigation.html.erb (4.6ms)
  Rendered layouts/_messages.html.erb (0.6ms)
Completed 200 OK in 77ms (Views: 74.1ms | ActiveRecord: 0.4ms)


Started GET "/" for 127.0.0.1 at 2017-09-01 00:05:38 +0530
Processing by VisitorsController#index as HTML
  Rendering visitors/index.html.erb within layouts/application
  Rendered visitors/index.html.erb within layouts/application (0.7ms)
  Rendered layouts/_navigation_links.html.erb (0.3ms)
  [1m[36mUser Load (0.3ms)[0m  [1m[34mSELECT  "users".* FROM "users" WHERE "users"."id" = ? ORDER BY "users"."id" ASC LIMIT ?[0m  [["id", 2], ["LIMIT", 1]]
  Rendered layouts/_nav_links_for_auth.html.erb (2.0ms)
  Rendered layouts/_navigation.html.erb (4.4ms)
  Rendered layouts/_messages.html.erb (0.5ms)
Completed 200 OK in 68ms (Views: 65.3ms | ActiveRecord: 0.3ms)


Started GET "/" for 127.0.0.1 at 2017-09-01 00:05:40 +0530
Processing by VisitorsController#index as HTML
  Rendering visitors/index.html.erb within layouts/application
  Rendered visitors/index.html.erb within layouts/application (0.7ms)
  Rendered layouts/_navigation_links.html.erb (0.3ms)
  [1m[36mUser Load (0.3ms)[0m  [1m[34mSELECT  "users".* FROM "users" WHERE "users"."id" = ? ORDER BY "users"."id" ASC LIMIT ?[0m  [["id", 2], ["LIMIT", 1]]
  Rendered layouts/_nav_links_for_auth.html.erb (2.1ms)
  Rendered layouts/_navigation.html.erb (4.6ms)
  Rendered layouts/_messages.html.erb (0.6ms)
Completed 200 OK in 68ms (Views: 66.2ms | ActiveRecord: 0.3ms)


Started GET "/" for 127.0.0.1 at 2017-09-01 00:05:41 +0530
Processing by VisitorsController#index as HTML
  Rendering visitors/index.html.erb within layouts/application
  Rendered visitors/index.html.erb within layouts/application (0.9ms)
  Rendered layouts/_navigation_links.html.erb (0.6ms)
  [1m[36mUser Load (0.4ms)[0m  [1m[34mSELECT  "users".* FROM "users" WHERE "users"."id" = ? ORDER BY "users"."id" ASC LIMIT ?[0m  [["id", 2], ["LIMIT", 1]]
  Rendered layouts/_nav_links_for_auth.html.erb (3.3ms)
  Rendered layouts/_navigation.html.erb (7.6ms)
  Rendered layouts/_messages.html.erb (0.7ms)
Completed 200 OK in 79ms (Views: 76.6ms | ActiveRecord: 0.4ms)


Started GET "/" for 127.0.0.1 at 2017-09-01 00:05:41 +0530
Processing by VisitorsController#index as HTML
  Rendering visitors/index.html.erb within layouts/application
  Rendered visitors/index.html.erb within layouts/application (0.7ms)
  Rendered layouts/_navigation_links.html.erb (0.5ms)
  [1m[36mUser Load (0.4ms)[0m  [1m[34mSELECT  "users".* FROM "users" WHERE "users"."id" = ? ORDER BY "users"."id" ASC LIMIT ?[0m  [["id", 2], ["LIMIT", 1]]
  Rendered layouts/_nav_links_for_auth.html.erb (3.3ms)
  Rendered layouts/_navigation.html.erb (6.9ms)
  Rendered layouts/_messages.html.erb (1.1ms)
Completed 200 OK in 98ms (Views: 94.9ms | ActiveRecord: 0.4ms)


Started GET "/" for 127.0.0.1 at 2017-09-01 00:05:42 +0530
Processing by VisitorsController#index as HTML
  Rendering visitors/index.html.erb within layouts/application
  Rendered visitors/index.html.erb within layouts/application (0.7ms)
  Rendered layouts/_navigation_links.html.erb (0.3ms)
  [1m[36mUser Load (0.3ms)[0m  [1m[34mSELECT  "users".* FROM "users" WHERE "users"."id" = ? ORDER BY "users"."id" ASC LIMIT ?[0m  [["id", 2], ["LIMIT", 1]]
  Rendered layouts/_nav_links_for_auth.html.erb (2.3ms)
  Rendered layouts/_navigation.html.erb (4.9ms)
  Rendered layouts/_messages.html.erb (0.7ms)
Completed 200 OK in 81ms (Views: 78.8ms | ActiveRecord: 0.3ms)


Started GET "/" for 127.0.0.1 at 2017-09-01 00:05:43 +0530
Processing by VisitorsController#index as HTML
  Rendering visitors/index.html.erb within layouts/application
  Rendered visitors/index.html.erb within layouts/application (0.7ms)
  Rendered layouts/_navigation_links.html.erb (0.4ms)
  [1m[36mUser Load (0.4ms)[0m  [1m[34mSELECT  "users".* FROM "users" WHERE "users"."id" = ? ORDER BY "users"."id" ASC LIMIT ?[0m  [["id", 2], ["LIMIT", 1]]
  Rendered layouts/_nav_links_for_auth.html.erb (3.4ms)
  Rendered layouts/_navigation.html.erb (6.4ms)
  Rendered layouts/_messages.html.erb (0.6ms)
Completed 200 OK in 82ms (Views: 79.3ms | ActiveRecord: 0.4ms)


Started GET "/" for 127.0.0.1 at 2017-09-01 00:05:46 +0530
Processing by VisitorsController#index as HTML
  Rendering visitors/index.html.erb within layouts/application
  Rendered visitors/index.html.erb within layouts/application (0.7ms)
  Rendered layouts/_navigation_links.html.erb (0.6ms)
  [1m[36mUser Load (0.3ms)[0m  [1m[34mSELECT  "users".* FROM "users" WHERE "users"."id" = ? ORDER BY "users"."id" ASC LIMIT ?[0m  [["id", 2], ["LIMIT", 1]]
  Rendered layouts/_nav_links_for_auth.html.erb (2.5ms)
  Rendered layouts/_navigation.html.erb (6.2ms)
  Rendered layouts/_messages.html.erb (0.7ms)
Completed 200 OK in 87ms (Views: 84.9ms | ActiveRecord: 0.3ms)


Started GET "/users" for 127.0.0.1 at 2017-09-01 00:05:49 +0530
Processing by UsersController#index as HTML
  [1m[36mUser Load (0.4ms)[0m  [1m[34mSELECT  "users".* FROM "users" WHERE "users"."id" = ? ORDER BY "users"."id" ASC LIMIT ?[0m  [["id", 2], ["LIMIT", 1]]
  Rendering users/index.html.erb within layouts/application
  [1m[36mUser Load (0.4ms)[0m  [1m[34mSELECT "users".* FROM "users"[0m
  Rendered users/_user.html.erb (1.8ms)
  Rendered users/_user.html.erb (0.5ms)
  Rendered users/index.html.erb within layouts/application (7.0ms)
  Rendered layouts/_navigation_links.html.erb (0.3ms)
  Rendered layouts/_nav_links_for_auth.html.erb (0.9ms)
  Rendered layouts/_navigation.html.erb (3.3ms)
  Rendered layouts/_messages.html.erb (0.8ms)
Completed 200 OK in 105ms (Views: 100.6ms | ActiveRecord: 0.9ms)


Started GET "/" for 127.0.0.1 at 2017-09-01 00:05:50 +0530
Processing by VisitorsController#index as HTML
  Rendering visitors/index.html.erb within layouts/application
  Rendered visitors/index.html.erb within layouts/application (0.7ms)
  Rendered layouts/_navigation_links.html.erb (0.5ms)
  [1m[36mUser Load (0.4ms)[0m  [1m[34mSELECT  "users".* FROM "users" WHERE "users"."id" = ? ORDER BY "users"."id" ASC LIMIT ?[0m  [["id", 2], ["LIMIT", 1]]
  Rendered layouts/_nav_links_for_auth.html.erb (3.2ms)
  Rendered layouts/_navigation.html.erb (6.9ms)
  Rendered layouts/_messages.html.erb (0.7ms)
Completed 200 OK in 100ms (Views: 97.7ms | ActiveRecord: 0.4ms)


Started GET "/" for 127.0.0.1 at 2017-09-01 00:16:27 +0530
  [1m[35m (0.2ms)[0m  [1m[34mSELECT "schema_migrations"."version" FROM "schema_migrations" ORDER BY "schema_migrations"."version" ASC[0m
Processing by VisitorsController#index as HTML
  Rendering visitors/index.html.erb within layouts/application
  Rendered visitors/index.html.erb within layouts/application (1.2ms)
  Rendered layouts/_navigation_links.html.erb (0.3ms)
  [1m[36mUser Load (0.2ms)[0m  [1m[34mSELECT  "users".* FROM "users" WHERE "users"."id" = ? ORDER BY "users"."id" ASC LIMIT ?[0m  [["id", 2], ["LIMIT", 1]]
  Rendered layouts/_nav_links_for_auth.html.erb (24.9ms)
  Rendered layouts/_navigation.html.erb (27.4ms)
  Rendered layouts/_messages.html.erb (0.8ms)
Completed 200 OK in 460ms (Views: 434.3ms | ActiveRecord: 1.2ms)


Started GET "/" for 127.0.0.1 at 2017-09-01 00:16:31 +0530
Processing by VisitorsController#index as HTML
  Rendering visitors/index.html.erb within layouts/application
  Rendered visitors/index.html.erb within layouts/application (0.5ms)
  Rendered layouts/_navigation_links.html.erb (0.3ms)
  [1m[36mUser Load (0.3ms)[0m  [1m[34mSELECT  "users".* FROM "users" WHERE "users"."id" = ? ORDER BY "users"."id" ASC LIMIT ?[0m  [["id", 2], ["LIMIT", 1]]
  Rendered layouts/_nav_links_for_auth.html.erb (2.2ms)
  Rendered layouts/_navigation.html.erb (4.8ms)
  Rendered layouts/_messages.html.erb (0.7ms)
Completed 200 OK in 81ms (Views: 78.5ms | ActiveRecord: 0.3ms)


Started GET "/users" for 127.0.0.1 at 2017-09-01 00:17:42 +0530
Processing by UsersController#index as HTML
  [1m[36mUser Load (0.4ms)[0m  [1m[34mSELECT  "users".* FROM "users" WHERE "users"."id" = ? ORDER BY "users"."id" ASC LIMIT ?[0m  [["id", 2], ["LIMIT", 1]]
  Rendering users/index.html.erb within layouts/application
  [1m[36mUser Load (0.3ms)[0m  [1m[34mSELECT "users".* FROM "users"[0m
  Rendered users/_user.html.erb (1.5ms)
  Rendered users/_user.html.erb (0.2ms)
  Rendered users/index.html.erb within layouts/application (5.8ms)
  Rendered layouts/_navigation_links.html.erb (0.5ms)
  Rendered layouts/_nav_links_for_auth.html.erb (1.0ms)
  Rendered layouts/_navigation.html.erb (3.5ms)
  Rendered layouts/_messages.html.erb (0.5ms)
Completed 200 OK in 84ms (Views: 79.1ms | ActiveRecord: 0.7ms)


Started GET "/" for 127.0.0.1 at 2017-09-01 00:17:45 +0530
Processing by VisitorsController#index as HTML
  Rendering visitors/index.html.erb within layouts/application
  Rendered visitors/index.html.erb within layouts/application (0.6ms)
  Rendered layouts/_navigation_links.html.erb (0.3ms)
  [1m[36mUser Load (0.3ms)[0m  [1m[34mSELECT  "users".* FROM "users" WHERE "users"."id" = ? ORDER BY "users"."id" ASC LIMIT ?[0m  [["id", 2], ["LIMIT", 1]]
  Rendered layouts/_nav_links_for_auth.html.erb (2.9ms)
  Rendered layouts/_navigation.html.erb (5.6ms)
  Rendered layouts/_messages.html.erb (0.8ms)
Completed 200 OK in 86ms (Views: 83.3ms | ActiveRecord: 0.3ms)


Started DELETE "/users/sign_out" for 127.0.0.1 at 2017-09-01 00:17:45 +0530
Processing by Devise::SessionsController#destroy as HTML
  Parameters: {"authenticity_token"=>"WbQyqVFeleBhOrcyjMxAeestJw3y90Sez9Cg8sCXkHHbU7ZKSXclIX8T73Rs5Y87AplYVHP4sVRuKl21WrfwRw=="}
  [1m[36mUser Load (0.4ms)[0m  [1m[34mSELECT  "users".* FROM "users" WHERE "users"."id" = ? ORDER BY "users"."id" ASC LIMIT ?[0m  [["id", 2], ["LIMIT", 1]]
  [1m[35m (0.2ms)[0m  [1m[36mbegin transaction[0m
  [1m[35m (0.1ms)[0m  [1m[36mcommit transaction[0m
Redirected to http://localhost:3000/
Completed 302 Found in 35ms (ActiveRecord: 0.7ms)


Started GET "/" for 127.0.0.1 at 2017-09-01 00:17:46 +0530
Processing by VisitorsController#index as HTML
  Rendering visitors/index.html.erb within layouts/application
  Rendered visitors/index.html.erb within layouts/application (0.5ms)
  Rendered layouts/_navigation_links.html.erb (0.4ms)
  Rendered layouts/_nav_links_for_auth.html.erb (12.8ms)
  Rendered layouts/_navigation.html.erb (15.7ms)
  Rendered layouts/_messages.html.erb (0.7ms)
Completed 200 OK in 84ms (Views: 82.6ms | ActiveRecord: 0.0ms)


Started GET "/" for 127.0.0.1 at 2017-09-01 00:18:44 +0530
Processing by VisitorsController#index as HTML
  Rendering visitors/index.html.erb within layouts/application
  Rendered visitors/index.html.erb within layouts/application (0.5ms)
  Rendered layouts/_navigation_links.html.erb (0.3ms)
  Rendered layouts/_nav_links_for_auth.html.erb (1.0ms)
  Rendered layouts/_navigation.html.erb (3.5ms)
  Rendered layouts/_messages.html.erb (0.5ms)
Completed 200 OK in 78ms (Views: 76.6ms | ActiveRecord: 0.0ms)


Started GET "/users/sign_up" for 127.0.0.1 at 2017-09-01 08:55:23 +0530
  [1m[35m (0.2ms)[0m  [1m[34mSELECT "schema_migrations"."version" FROM "schema_migrations" ORDER BY "schema_migrations"."version" ASC[0m
Processing by Devise::RegistrationsController#new as HTML
  Rendering devise/registrations/new.html.erb within layouts/application
  Rendered devise/registrations/new.html.erb within layouts/application (44.8ms)
  Rendered layouts/_navigation_links.html.erb (0.3ms)
  Rendered layouts/_nav_links_for_auth.html.erb (0.9ms)
  Rendered layouts/_navigation.html.erb (3.2ms)
  Rendered layouts/_messages.html.erb (0.5ms)
Completed 200 OK in 552ms (Views: 497.6ms | ActiveRecord: 1.0ms)


Started GET "/users/sign_in" for 127.0.0.1 at 2017-09-01 08:55:33 +0530
Processing by Devise::SessionsController#new as HTML
  Rendering devise/sessions/new.html.erb within layouts/application
  Rendered devise/sessions/new.html.erb within layouts/application (8.2ms)
  Rendered layouts/_navigation_links.html.erb (0.3ms)
  Rendered layouts/_nav_links_for_auth.html.erb (0.9ms)
  Rendered layouts/_navigation.html.erb (3.3ms)
  Rendered layouts/_messages.html.erb (0.5ms)
Completed 200 OK in 81ms (Views: 78.1ms | ActiveRecord: 0.0ms)


Started GET "/users/sign_up" for 127.0.0.1 at 2017-09-01 08:55:35 +0530
Processing by Devise::RegistrationsController#new as HTML
  Rendering devise/registrations/new.html.erb within layouts/application
  Rendered devise/registrations/new.html.erb within layouts/application (7.4ms)
  Rendered layouts/_navigation_links.html.erb (0.6ms)
  Rendered layouts/_nav_links_for_auth.html.erb (1.4ms)
  Rendered layouts/_navigation.html.erb (5.2ms)
  Rendered layouts/_messages.html.erb (1.1ms)
Completed 200 OK in 97ms (Views: 95.3ms | ActiveRecord: 0.0ms)


Started GET "/" for 127.0.0.1 at 2017-09-01 09:01:35 +0530
Processing by VisitorsController#index as HTML
  Rendering visitors/index.html.erb within layouts/application
  Rendered visitors/index.html.erb within layouts/application (0.6ms)
  Rendered layouts/_navigation_links.html.erb (0.3ms)
  Rendered layouts/_nav_links_for_auth.html.erb (1.3ms)
  Rendered layouts/_navigation.html.erb (6.7ms)
  Rendered layouts/_messages.html.erb (0.6ms)
Completed 200 OK in 136ms (Views: 133.7ms | ActiveRecord: 0.0ms)


